Línea 87: la clase SICMACT.FlexEdit del control fePolizaXVenc no era una clase de control cargada.
Línea 132: la clase SICMACT.FlexEdit del control feTasacXVenc no era una clase de control cargada.
Línea 177: la clase SICMACT.FlexEdit del control feGarantiaXVenc no era una clase de control cargada.
Línea 259: la clase SICMACT.FlexEdit del control feGarantiaVenc no era una clase de control cargada.
Línea 304: la clase SICMACT.FlexEdit del control FlexEdit2 no era una clase de control cargada.
Línea 349: la clase SICMACT.FlexEdit del control FlexEdit3 no era una clase de control cargada.
Línea 394: la clase SICMACT.FlexEdit del control fePolizaVenc no era una clase de control cargada.
Línea 439: la clase SICMACT.FlexEdit del control feTasacVenc no era una clase de control cargada.
Línea 93: el nombre de la propiedad _ExtentX de fePolizaXVenc no es válido.
Línea 94: el nombre de la propiedad _ExtentY de fePolizaXVenc no es válido.
Línea 95: el nombre de la propiedad Cols0 de fePolizaXVenc no es válido.
Línea 96: el nombre de la propiedad HighLight de fePolizaXVenc no es válido.
Línea 97: el nombre de la propiedad AllowUserResizing de fePolizaXVenc no es válido.
Línea 98: el nombre de la propiedad EncabezadosNombres de fePolizaXVenc no es válido.
Línea 99: el nombre de la propiedad EncabezadosAnchos de fePolizaXVenc no es válido.
Línea 117: el nombre de la propiedad FontFixed de fePolizaXVenc no es válido.
Línea 118: el nombre de la propiedad ColumnasAEditar de fePolizaXVenc no es válido.
Línea 119: el nombre de la propiedad TextStyleFixed de fePolizaXVenc no es válido.
Línea 120: el nombre de la propiedad ListaControles de fePolizaXVenc no es válido.
Línea 121: el nombre de la propiedad EncabezadosAlineacion de fePolizaXVenc no es válido.
Línea 122: el nombre de la propiedad FormatosEdit de fePolizaXVenc no es válido.
Línea 123: el nombre de la propiedad TextArray0 de fePolizaXVenc no es válido.
Línea 124: el nombre de la propiedad lbFlexDuplicados de fePolizaXVenc no es válido.
Línea 125: el nombre de la propiedad lbUltimaInstancia de fePolizaXVenc no es válido.
Línea 126: el nombre de la propiedad TipoBusqueda de fePolizaXVenc no es válido.
Línea 127: el nombre de la propiedad lbFormatoCol de fePolizaXVenc no es válido.
Línea 128: el nombre de la propiedad lbOrdenaCol de fePolizaXVenc no es válido.
Línea 129: el nombre de la propiedad lbBuscaDuplicadoText de fePolizaXVenc no es válido.
Línea 130: el nombre de la propiedad RowHeight0 de fePolizaXVenc no es válido.
Línea 138: el nombre de la propiedad _ExtentX de feTasacXVenc no es válido.
Línea 139: el nombre de la propiedad _ExtentY de feTasacXVenc no es válido.
Línea 140: el nombre de la propiedad Cols0 de feTasacXVenc no es válido.
Línea 141: el nombre de la propiedad HighLight de feTasacXVenc no es válido.
Línea 142: el nombre de la propiedad AllowUserResizing de feTasacXVenc no es válido.
Línea 143: el nombre de la propiedad EncabezadosNombres de feTasacXVenc no es válido.
Línea 144: el nombre de la propiedad EncabezadosAnchos de feTasacXVenc no es válido.
Línea 162: el nombre de la propiedad FontFixed de feTasacXVenc no es válido.
Línea 163: el nombre de la propiedad ColumnasAEditar de feTasacXVenc no es válido.
Línea 164: el nombre de la propiedad TextStyleFixed de feTasacXVenc no es válido.
Línea 165: el nombre de la propiedad ListaControles de feTasacXVenc no es válido.
Línea 166: el nombre de la propiedad EncabezadosAlineacion de feTasacXVenc no es válido.
Línea 167: el nombre de la propiedad FormatosEdit de feTasacXVenc no es válido.
Línea 168: el nombre de la propiedad TextArray0 de feTasacXVenc no es válido.
Línea 169: el nombre de la propiedad lbFlexDuplicados de feTasacXVenc no es válido.
Línea 170: el nombre de la propiedad lbUltimaInstancia de feTasacXVenc no es válido.
Línea 171: el nombre de la propiedad TipoBusqueda de feTasacXVenc no es válido.
Línea 172: el nombre de la propiedad lbFormatoCol de feTasacXVenc no es válido.
Línea 173: el nombre de la propiedad lbOrdenaCol de feTasacXVenc no es válido.
Línea 174: el nombre de la propiedad lbBuscaDuplicadoText de feTasacXVenc no es válido.
Línea 175: el nombre de la propiedad RowHeight0 de feTasacXVenc no es válido.
Línea 183: el nombre de la propiedad _ExtentX de feGarantiaXVenc no es válido.
Línea 184: el nombre de la propiedad _ExtentY de feGarantiaXVenc no es válido.
Línea 185: el nombre de la propiedad Cols0 de feGarantiaXVenc no es válido.
Línea 186: el nombre de la propiedad HighLight de feGarantiaXVenc no es válido.
Línea 187: el nombre de la propiedad AllowUserResizing de feGarantiaXVenc no es válido.
Línea 188: el nombre de la propiedad EncabezadosNombres de feGarantiaXVenc no es válido.
Línea 189: el nombre de la propiedad EncabezadosAnchos de feGarantiaXVenc no es válido.
Línea 207: el nombre de la propiedad FontFixed de feGarantiaXVenc no es válido.
Línea 208: el nombre de la propiedad ColumnasAEditar de feGarantiaXVenc no es válido.
Línea 209: el nombre de la propiedad TextStyleFixed de feGarantiaXVenc no es válido.
Línea 210: el nombre de la propiedad ListaControles de feGarantiaXVenc no es válido.
Línea 211: el nombre de la propiedad EncabezadosAlineacion de feGarantiaXVenc no es válido.
Línea 212: el nombre de la propiedad FormatosEdit de feGarantiaXVenc no es válido.
Línea 213: el nombre de la propiedad TextArray0 de feGarantiaXVenc no es válido.
Línea 214: el nombre de la propiedad lbFlexDuplicados de feGarantiaXVenc no es válido.
Línea 215: el nombre de la propiedad lbUltimaInstancia de feGarantiaXVenc no es válido.
Línea 216: el nombre de la propiedad TipoBusqueda de feGarantiaXVenc no es válido.
Línea 217: el nombre de la propiedad lbFormatoCol de feGarantiaXVenc no es válido.
Línea 218: el nombre de la propiedad lbOrdenaCol de feGarantiaXVenc no es válido.
Línea 219: el nombre de la propiedad lbBuscaDuplicadoText de feGarantiaXVenc no es válido.
Línea 220: el nombre de la propiedad RowHeight0 de feGarantiaXVenc no es válido.
Línea 265: el nombre de la propiedad _ExtentX de feGarantiaVenc no es válido.
Línea 266: el nombre de la propiedad _ExtentY de feGarantiaVenc no es válido.
Línea 267: el nombre de la propiedad Cols0 de feGarantiaVenc no es válido.
Línea 268: el nombre de la propiedad HighLight de feGarantiaVenc no es válido.
Línea 269: el nombre de la propiedad AllowUserResizing de feGarantiaVenc no es válido.
Línea 270: el nombre de la propiedad EncabezadosNombres de feGarantiaVenc no es válido.
Línea 271: el nombre de la propiedad EncabezadosAnchos de feGarantiaVenc no es válido.
Línea 289: el nombre de la propiedad FontFixed de feGarantiaVenc no es válido.
Línea 290: el nombre de la propiedad ColumnasAEditar de feGarantiaVenc no es válido.
Línea 291: el nombre de la propiedad TextStyleFixed de feGarantiaVenc no es válido.
Línea 292: el nombre de la propiedad ListaControles de feGarantiaVenc no es válido.
Línea 293: el nombre de la propiedad EncabezadosAlineacion de feGarantiaVenc no es válido.
Línea 294: el nombre de la propiedad FormatosEdit de feGarantiaVenc no es válido.
Línea 295: el nombre de la propiedad TextArray0 de feGarantiaVenc no es válido.
Línea 296: el nombre de la propiedad lbFlexDuplicados de feGarantiaVenc no es válido.
Línea 297: el nombre de la propiedad lbUltimaInstancia de feGarantiaVenc no es válido.
Línea 298: el nombre de la propiedad TipoBusqueda de feGarantiaVenc no es válido.
Línea 299: el nombre de la propiedad lbFormatoCol de feGarantiaVenc no es válido.
Línea 300: el nombre de la propiedad lbOrdenaCol de feGarantiaVenc no es válido.
Línea 301: el nombre de la propiedad lbBuscaDuplicadoText de feGarantiaVenc no es válido.
Línea 302: el nombre de la propiedad RowHeight0 de feGarantiaVenc no es válido.
Línea 310: el nombre de la propiedad _ExtentX de FlexEdit2 no es válido.
Línea 311: el nombre de la propiedad _ExtentY de FlexEdit2 no es válido.
Línea 312: el nombre de la propiedad Cols0 de FlexEdit2 no es válido.
Línea 313: el nombre de la propiedad HighLight de FlexEdit2 no es válido.
Línea 314: el nombre de la propiedad AllowUserResizing de FlexEdit2 no es válido.
Línea 315: el nombre de la propiedad EncabezadosNombres de FlexEdit2 no es válido.
Línea 316: el nombre de la propiedad EncabezadosAnchos de FlexEdit2 no es válido.
Línea 334: el nombre de la propiedad FontFixed de FlexEdit2 no es válido.
Línea 335: el nombre de la propiedad ColumnasAEditar de FlexEdit2 no es válido.
Línea 336: el nombre de la propiedad TextStyleFixed de FlexEdit2 no es válido.
Línea 337: el nombre de la propiedad ListaControles de FlexEdit2 no es válido.
Línea 338: el nombre de la propiedad EncabezadosAlineacion de FlexEdit2 no es válido.
Línea 339: el nombre de la propiedad FormatosEdit de FlexEdit2 no es válido.
Línea 340: el nombre de la propiedad TextArray0 de FlexEdit2 no es válido.
Línea 341: el nombre de la propiedad lbFlexDuplicados de FlexEdit2 no es válido.
Línea 342: el nombre de la propiedad lbUltimaInstancia de FlexEdit2 no es válido.
Línea 343: el nombre de la propiedad TipoBusqueda de FlexEdit2 no es válido.
Línea 344: el nombre de la propiedad lbFormatoCol de FlexEdit2 no es válido.
Línea 345: el nombre de la propiedad lbPuntero de FlexEdit2 no es válido.
Línea 346: el nombre de la propiedad lbBuscaDuplicadoText de FlexEdit2 no es válido.
Línea 347: el nombre de la propiedad RowHeight0 de FlexEdit2 no es válido.
Línea 355: el nombre de la propiedad _ExtentX de FlexEdit3 no es válido.
Línea 356: el nombre de la propiedad _ExtentY de FlexEdit3 no es válido.
Línea 357: el nombre de la propiedad Cols0 de FlexEdit3 no es válido.
Línea 358: el nombre de la propiedad HighLight de FlexEdit3 no es válido.
Línea 359: el nombre de la propiedad AllowUserResizing de FlexEdit3 no es válido.
Línea 360: el nombre de la propiedad EncabezadosNombres de FlexEdit3 no es válido.
Línea 361: el nombre de la propiedad EncabezadosAnchos de FlexEdit3 no es válido.
Línea 379: el nombre de la propiedad FontFixed de FlexEdit3 no es válido.
Línea 380: el nombre de la propiedad ColumnasAEditar de FlexEdit3 no es válido.
Línea 381: el nombre de la propiedad TextStyleFixed de FlexEdit3 no es válido.
Línea 382: el nombre de la propiedad ListaControles de FlexEdit3 no es válido.
Línea 383: el nombre de la propiedad EncabezadosAlineacion de FlexEdit3 no es válido.
Línea 384: el nombre de la propiedad FormatosEdit de FlexEdit3 no es válido.
Línea 385: el nombre de la propiedad TextArray0 de FlexEdit3 no es válido.
Línea 386: el nombre de la propiedad lbFlexDuplicados de FlexEdit3 no es válido.
Línea 387: el nombre de la propiedad lbUltimaInstancia de FlexEdit3 no es válido.
Línea 388: el nombre de la propiedad TipoBusqueda de FlexEdit3 no es válido.
Línea 389: el nombre de la propiedad lbFormatoCol de FlexEdit3 no es válido.
Línea 390: el nombre de la propiedad lbPuntero de FlexEdit3 no es válido.
Línea 391: el nombre de la propiedad lbBuscaDuplicadoText de FlexEdit3 no es válido.
Línea 392: el nombre de la propiedad RowHeight0 de FlexEdit3 no es válido.
Línea 400: el nombre de la propiedad _ExtentX de fePolizaVenc no es válido.
Línea 401: el nombre de la propiedad _ExtentY de fePolizaVenc no es válido.
Línea 402: el nombre de la propiedad Cols0 de fePolizaVenc no es válido.
Línea 403: el nombre de la propiedad HighLight de fePolizaVenc no es válido.
Línea 404: el nombre de la propiedad AllowUserResizing de fePolizaVenc no es válido.
Línea 405: el nombre de la propiedad EncabezadosNombres de fePolizaVenc no es válido.
Línea 406: el nombre de la propiedad EncabezadosAnchos de fePolizaVenc no es válido.
Línea 424: el nombre de la propiedad FontFixed de fePolizaVenc no es válido.
Línea 425: el nombre de la propiedad ColumnasAEditar de fePolizaVenc no es válido.
Línea 426: el nombre de la propiedad TextStyleFixed de fePolizaVenc no es válido.
Línea 427: el nombre de la propiedad ListaControles de fePolizaVenc no es válido.
Línea 428: el nombre de la propiedad EncabezadosAlineacion de fePolizaVenc no es válido.
Línea 429: el nombre de la propiedad FormatosEdit de fePolizaVenc no es válido.
Línea 430: el nombre de la propiedad TextArray0 de fePolizaVenc no es válido.
Línea 431: el nombre de la propiedad lbFlexDuplicados de fePolizaVenc no es válido.
Línea 432: el nombre de la propiedad lbUltimaInstancia de fePolizaVenc no es válido.
Línea 433: el nombre de la propiedad TipoBusqueda de fePolizaVenc no es válido.
Línea 434: el nombre de la propiedad lbFormatoCol de fePolizaVenc no es válido.
Línea 435: el nombre de la propiedad lbOrdenaCol de fePolizaVenc no es válido.
Línea 436: el nombre de la propiedad lbBuscaDuplicadoText de fePolizaVenc no es válido.
Línea 437: el nombre de la propiedad RowHeight0 de fePolizaVenc no es válido.
Línea 445: el nombre de la propiedad _ExtentX de feTasacVenc no es válido.
Línea 446: el nombre de la propiedad _ExtentY de feTasacVenc no es válido.
Línea 447: el nombre de la propiedad Cols0 de feTasacVenc no es válido.
Línea 448: el nombre de la propiedad HighLight de feTasacVenc no es válido.
Línea 449: el nombre de la propiedad AllowUserResizing de feTasacVenc no es válido.
Línea 450: el nombre de la propiedad EncabezadosNombres de feTasacVenc no es válido.
Línea 451: el nombre de la propiedad EncabezadosAnchos de feTasacVenc no es válido.
Línea 469: el nombre de la propiedad FontFixed de feTasacVenc no es válido.
Línea 470: el nombre de la propiedad ColumnasAEditar de feTasacVenc no es válido.
Línea 471: el nombre de la propiedad TextStyleFixed de feTasacVenc no es válido.
Línea 472: el nombre de la propiedad ListaControles de feTasacVenc no es válido.
Línea 473: el nombre de la propiedad EncabezadosAlineacion de feTasacVenc no es válido.
Línea 474: el nombre de la propiedad FormatosEdit de feTasacVenc no es válido.
Línea 475: el nombre de la propiedad TextArray0 de feTasacVenc no es válido.
Línea 476: el nombre de la propiedad lbFlexDuplicados de feTasacVenc no es válido.
Línea 477: el nombre de la propiedad lbUltimaInstancia de feTasacVenc no es válido.
Línea 478: el nombre de la propiedad TipoBusqueda de feTasacVenc no es válido.
Línea 479: el nombre de la propiedad lbFormatoCol de feTasacVenc no es válido.
Línea 480: el nombre de la propiedad lbOrdenaCol de feTasacVenc no es válido.
Línea 481: el nombre de la propiedad lbBuscaDuplicadoText de feTasacVenc no es válido.
Línea 482: el nombre de la propiedad RowHeight0 de feTasacVenc no es válido.
