Línea 137: la clase SICMACT.EditMoney del control txtCalcMonto no era una clase de control cargada.
Línea 157: la clase SICMACT.EditMoney del control txtCalcTEM no era una clase de control cargada.
Línea 509: la clase SICMACT.FlexEdit del control feReferencia no era una clase de control cargada.
Línea 600: la clase SICMACT.FlexEdit del control feRatios no era una clase de control cargada.
Línea 664: la clase SICMACT.FlexEdit del control feEstadoGP no era una clase de control cargada.
Línea 726: la clase SICMACT.EditMoney del control txtTCMIngNeg no era una clase de control cargada.
Línea 746: la clase SICMACT.FlexEdit del control feIngNeg no era una clase de control cargada.
Línea 878: la clase SICMACT.FlexEdit del control feOtrosIng no era una clase de control cargada.
Línea 922: la clase SICMACT.EditMoney del control txtTCMOtrosIng no era una clase de control cargada.
Línea 1028: la clase SICMACT.FlexEdit del control feGastoFam no era una clase de control cargada.
Línea 1072: la clase SICMACT.EditMoney del control txtTCMGastoFam no era una clase de control cargada.
Línea 1178: la clase SICMACT.FlexEdit del control feGastoNeg no era una clase de control cargada.
Línea 1222: la clase SICMACT.EditMoney del control txtTCMGastoNeg no era una clase de control cargada.
Línea 1294: la clase SICMACT.FlexEdit del control fePDT no era una clase de control cargada.
Línea 1343: la clase SICMACT.EditMoney del control txtCompraMes3 no era una clase de control cargada.
Línea 1364: la clase SICMACT.EditMoney del control txtVentaMes3 no era una clase de control cargada.
Línea 1385: la clase SICMACT.EditMoney del control txtCompraMes2 no era una clase de control cargada.
Línea 1406: la clase SICMACT.EditMoney del control txtVentaMes2 no era una clase de control cargada.
Línea 1427: la clase SICMACT.EditMoney del control txtCompraMes1 no era una clase de control cargada.
Línea 1448: la clase SICMACT.EditMoney del control txtVentaMes1 no era una clase de control cargada.
Línea 1740: la clase SICMACT.FlexEdit del control fePasCorriente no era una clase de control cargada.
Línea 1784: la clase SICMACT.FlexEdit del control fePasNoCorriente no era una clase de control cargada.
Línea 2008: la clase SICMACT.FlexEdit del control feActivos no era una clase de control cargada.
Línea 2119: la clase SICMACT.EditMoney del control txtMontoSol no era una clase de control cargada.
Línea 2139: la clase SICMACT.EditMoney del control txtCuotaPagar no era una clase de control cargada.
Línea 2159: la clase SICMACT.ActXCodCta del control ActXCodCta no era una clase de control cargada.
