Línea 57: la clase MSMask.MaskEdBox del control txtFechaComparaFin no era una clase de control cargada.
Línea 70: la clase MSMask.MaskEdBox del control txtFechaComparaIni no era una clase de control cargada.
Línea 124: la clase TabDlg.SSTab del control SSTabDatosEEFF no era una clase de control cargada.
Línea 1012: la clase SICMACT.FlexEdit del control feActivos no era una clase de control cargada.
Línea 1048: la clase SICMACT.FlexEdit del control fefujoEfectivo no era una clase de control cargada.
Línea 1082: la clase SICMACT.FlexEdit del control fePasivos no era una clase de control cargada.
Línea 1118: la clase MSMask.MaskEdBox del control txtPatrimonioIni no era una clase de control cargada.
Línea 1131: la clase MSMask.MaskEdBox del control txtPatrimonioFin no era una clase de control cargada.
Línea 1144: la clase SICMACT.FlexEdit del control feEstadoResultado no era una clase de control cargada.
Línea 1179: la clase SICMACT.FlexEdit del control feCambiosPatrimonio no era una clase de control cargada.
Línea 1344: la clase MSMask.MaskEdBox del control txtFechaEF no era una clase de control cargada.
Línea 63: el nombre de la propiedad _ExtentX de txtFechaComparaFin no es válido.
Línea 64: el nombre de la propiedad _ExtentY de txtFechaComparaFin no es válido.
Línea 65: el nombre de la propiedad _Version de txtFechaComparaFin no es válido.
Línea 66: el nombre de la propiedad MaxLength de txtFechaComparaFin no es válido.
Línea 67: el nombre de la propiedad Mask de txtFechaComparaFin no es válido.
Línea 68: el nombre de la propiedad PromptChar de txtFechaComparaFin no es válido.
Línea 76: el nombre de la propiedad _ExtentX de txtFechaComparaIni no es válido.
Línea 77: el nombre de la propiedad _ExtentY de txtFechaComparaIni no es válido.
Línea 78: el nombre de la propiedad _Version de txtFechaComparaIni no es válido.
Línea 79: el nombre de la propiedad MaxLength de txtFechaComparaIni no es válido.
Línea 80: el nombre de la propiedad Mask de txtFechaComparaIni no es válido.
Línea 81: el nombre de la propiedad PromptChar de txtFechaComparaIni no es válido.
Línea 130: el nombre de la propiedad _ExtentX de SSTabDatosEEFF no es válido.
Línea 131: el nombre de la propiedad _ExtentY de SSTabDatosEEFF no es válido.
Línea 132: el nombre de la propiedad _Version de SSTabDatosEEFF no es válido.
Línea 133: el nombre de la propiedad Style de SSTabDatosEEFF no es válido.
Línea 134: el nombre de la propiedad Tabs de SSTabDatosEEFF no es válido.
Línea 135: el nombre de la propiedad Tab de SSTabDatosEEFF no es válido.
Línea 136: el nombre de la propiedad TabsPerRow de SSTabDatosEEFF no es válido.
Línea 137: el nombre de la propiedad TabHeight de SSTabDatosEEFF no es válido.
Línea 138: el nombre de la propiedad ShowFocusRect de SSTabDatosEEFF no es válido.
Línea 140: el nombre de la propiedad TabCaption(0) de SSTabDatosEEFF no es válido.
Línea 141: el nombre de la propiedad TabPicture(0) de SSTabDatosEEFF no es válido.
Línea 142: el nombre de la propiedad Tab(0).ControlEnabled de SSTabDatosEEFF no es válido.
Línea 143: el nombre de la propiedad Tab(0).Control(0) de SSTabDatosEEFF no es válido.
Línea 144: el nombre de la propiedad Tab(0).Control(1) de SSTabDatosEEFF no es válido.
Línea 145: el nombre de la propiedad Tab(0).Control(2) de SSTabDatosEEFF no es válido.
Línea 146: el nombre de la propiedad Tab(0).Control(3) de SSTabDatosEEFF no es válido.
Línea 147: el nombre de la propiedad Tab(0).ControlCount de SSTabDatosEEFF no es válido.
Línea 148: el nombre de la propiedad TabCaption(1) de SSTabDatosEEFF no es válido.
Línea 149: el nombre de la propiedad TabPicture(1) de SSTabDatosEEFF no es válido.
Línea 150: el nombre de la propiedad Tab(1).ControlEnabled de SSTabDatosEEFF no es válido.
Línea 151: el nombre de la propiedad Tab(1).Control(0) de SSTabDatosEEFF no es válido.
Línea 152: el nombre de la propiedad Tab(1).Control(1) de SSTabDatosEEFF no es válido.
Línea 153: el nombre de la propiedad Tab(1).Control(2) de SSTabDatosEEFF no es válido.
Línea 154: el nombre de la propiedad Tab(1).ControlCount de SSTabDatosEEFF no es válido.
Línea 155: el nombre de la propiedad TabCaption(2) de SSTabDatosEEFF no es válido.
Línea 156: el nombre de la propiedad TabPicture(2) de SSTabDatosEEFF no es válido.
Línea 157: el nombre de la propiedad Tab(2).ControlEnabled de SSTabDatosEEFF no es válido.
Línea 158: el nombre de la propiedad Tab(2).Control(0) de SSTabDatosEEFF no es válido.
Línea 159: el nombre de la propiedad Tab(2).Control(1) de SSTabDatosEEFF no es válido.
Línea 160: el nombre de la propiedad Tab(2).Control(2) de SSTabDatosEEFF no es válido.
Línea 161: el nombre de la propiedad Tab(2).ControlCount de SSTabDatosEEFF no es válido.
Línea 162: el nombre de la propiedad TabCaption(3) de SSTabDatosEEFF no es válido.
Línea 163: el nombre de la propiedad TabPicture(3) de SSTabDatosEEFF no es válido.
Línea 164: el nombre de la propiedad Tab(3).ControlEnabled de SSTabDatosEEFF no es válido.
Línea 165: el nombre de la propiedad Tab(3).Control(0) de SSTabDatosEEFF no es válido.
Línea 166: el nombre de la propiedad Tab(3).Control(0).Enabled de SSTabDatosEEFF no es válido.
Línea 167: el nombre de la propiedad Tab(3).Control(1) de SSTabDatosEEFF no es válido.
Línea 168: el nombre de la propiedad Tab(3).Control(1).Enabled de SSTabDatosEEFF no es válido.
Línea 169: el nombre de la propiedad Tab(3).Control(2) de SSTabDatosEEFF no es válido.
Línea 170: el nombre de la propiedad Tab(3).Control(2).Enabled de SSTabDatosEEFF no es válido.
Línea 171: el nombre de la propiedad Tab(3).Control(3) de SSTabDatosEEFF no es válido.
Línea 172: el nombre de la propiedad Tab(3).Control(3).Enabled de SSTabDatosEEFF no es válido.
Línea 173: el nombre de la propiedad Tab(3).Control(4) de SSTabDatosEEFF no es válido.
Línea 174: el nombre de la propiedad Tab(3).Control(4).Enabled de SSTabDatosEEFF no es válido.
Línea 175: el nombre de la propiedad Tab(3).Control(5) de SSTabDatosEEFF no es válido.
Línea 176: el nombre de la propiedad Tab(3).Control(5).Enabled de SSTabDatosEEFF no es válido.
Línea 177: el nombre de la propiedad Tab(3).Control(6) de SSTabDatosEEFF no es válido.
Línea 178: el nombre de la propiedad Tab(3).Control(6).Enabled de SSTabDatosEEFF no es válido.
Línea 179: el nombre de la propiedad Tab(3).Control(7) de SSTabDatosEEFF no es válido.
Línea 180: el nombre de la propiedad Tab(3).Control(7).Enabled de SSTabDatosEEFF no es válido.
Línea 181: el nombre de la propiedad Tab(3).ControlCount de SSTabDatosEEFF no es válido.
Línea 182: el nombre de la propiedad TabCaption(4) de SSTabDatosEEFF no es válido.
Línea 183: el nombre de la propiedad TabPicture(4) de SSTabDatosEEFF no es válido.
Línea 184: el nombre de la propiedad Tab(4).ControlEnabled de SSTabDatosEEFF no es válido.
Línea 185: el nombre de la propiedad Tab(4).Control(0) de SSTabDatosEEFF no es válido.
Línea 186: el nombre de la propiedad Tab(4).Control(1) de SSTabDatosEEFF no es válido.
Línea 187: el nombre de la propiedad Tab(4).Control(2) de SSTabDatosEEFF no es válido.
Línea 188: el nombre de la propiedad Tab(4).Control(3) de SSTabDatosEEFF no es válido.
Línea 189: el nombre de la propiedad Tab(4).Control(4) de SSTabDatosEEFF no es válido.
Línea 190: el nombre de la propiedad Tab(4).Control(5) de SSTabDatosEEFF no es válido.
Línea 191: el nombre de la propiedad Tab(4).Control(6) de SSTabDatosEEFF no es válido.
Línea 192: el nombre de la propiedad Tab(4).Control(7) de SSTabDatosEEFF no es válido.
Línea 193: el nombre de la propiedad Tab(4).Control(8) de SSTabDatosEEFF no es válido.
Línea 194: el nombre de la propiedad Tab(4).ControlCount de SSTabDatosEEFF no es válido.
Línea 1018: el nombre de la propiedad _extentx de feActivos no es válido.
Línea 1019: el nombre de la propiedad _extenty de feActivos no es válido.
Línea 1020: el nombre de la propiedad cols0 de feActivos no es válido.
Línea 1021: el nombre de la propiedad scrollbars de feActivos no es válido.
Línea 1022: el nombre de la propiedad highlight de feActivos no es válido.
Línea 1023: el nombre de la propiedad allowuserresizing de feActivos no es válido.
Línea 1024: el nombre de la propiedad rowsizingmode de feActivos no es válido.
Línea 1025: el nombre de la propiedad encabezadosnombres de feActivos no es válido.
Línea 1026: el nombre de la propiedad encabezadosanchos de feActivos no es válido.
Línea 1032: el nombre de la propiedad fontfixed de feActivos no es válido.
Línea 1033: el nombre de la propiedad backcolorcontrol de feActivos no es válido.
Línea 1034: el nombre de la propiedad backcolorcontrol de feActivos no es válido.
Línea 1035: el nombre de la propiedad backcolorcontrol de feActivos no es válido.
Línea 1036: el nombre de la propiedad lbultimainstancia de feActivos no es válido.
Línea 1037: el nombre de la propiedad tipobusqueda de feActivos no es válido.
Línea 1038: el nombre de la propiedad columnasaeditar de feActivos no es válido.
Línea 1039: el nombre de la propiedad listacontroles de feActivos no es válido.
Línea 1040: el nombre de la propiedad encabezadosalineacion de feActivos no es válido.
Línea 1041: el nombre de la propiedad formatosedit de feActivos no es válido.
Línea 1042: el nombre de la propiedad textarray0 de feActivos no es válido.
Línea 1043: el nombre de la propiedad lbeditarflex de feActivos no es válido.
Línea 1044: el nombre de la propiedad lbbuscaduplicadotext de feActivos no es válido.
Línea 1045: el nombre de la propiedad rowheight0 de feActivos no es válido.
Línea 1046: el nombre de la propiedad forecolorfixed de feActivos no es válido.
Línea 1012: no se pudo establecer la propiedad Font de feActivos.
Línea 1054: el nombre de la propiedad _extentx de fefujoEfectivo no es válido.
Línea 1055: el nombre de la propiedad _extenty de fefujoEfectivo no es válido.
Línea 1056: el nombre de la propiedad cols0 de fefujoEfectivo no es válido.
Línea 1057: el nombre de la propiedad highlight de fefujoEfectivo no es válido.
Línea 1058: el nombre de la propiedad allowuserresizing de fefujoEfectivo no es válido.
Línea 1059: el nombre de la propiedad rowsizingmode de fefujoEfectivo no es válido.
Línea 1060: el nombre de la propiedad encabezadosnombres de fefujoEfectivo no es válido.
Línea 1061: el nombre de la propiedad encabezadosanchos de fefujoEfectivo no es válido.
Línea 1067: el nombre de la propiedad fontfixed de fefujoEfectivo no es válido.
Línea 1068: el nombre de la propiedad backcolorcontrol de fefujoEfectivo no es válido.
Línea 1069: el nombre de la propiedad backcolorcontrol de fefujoEfectivo no es válido.
Línea 1070: el nombre de la propiedad backcolorcontrol de fefujoEfectivo no es válido.
Línea 1071: el nombre de la propiedad lbultimainstancia de fefujoEfectivo no es válido.
Línea 1072: el nombre de la propiedad columnasaeditar de fefujoEfectivo no es válido.
Línea 1073: el nombre de la propiedad listacontroles de fefujoEfectivo no es válido.
Línea 1074: el nombre de la propiedad encabezadosalineacion de fefujoEfectivo no es válido.
Línea 1075: el nombre de la propiedad formatosedit de fefujoEfectivo no es válido.
Línea 1076: el nombre de la propiedad textarray0 de fefujoEfectivo no es válido.
Línea 1077: el nombre de la propiedad lbeditarflex de fefujoEfectivo no es válido.
Línea 1078: el nombre de la propiedad lbbuscaduplicadotext de fefujoEfectivo no es válido.
Línea 1079: el nombre de la propiedad rowheight0 de fefujoEfectivo no es válido.
Línea 1080: el nombre de la propiedad forecolorfixed de fefujoEfectivo no es válido.
Línea 1048: no se pudo establecer la propiedad Font de fefujoEfectivo.
Línea 1088: el nombre de la propiedad _extentx de fePasivos no es válido.
Línea 1089: el nombre de la propiedad _extenty de fePasivos no es válido.
Línea 1090: el nombre de la propiedad cols0 de fePasivos no es válido.
Línea 1091: el nombre de la propiedad scrollbars de fePasivos no es válido.
Línea 1092: el nombre de la propiedad highlight de fePasivos no es válido.
Línea 1093: el nombre de la propiedad allowuserresizing de fePasivos no es válido.
Línea 1094: el nombre de la propiedad rowsizingmode de fePasivos no es válido.
Línea 1095: el nombre de la propiedad encabezadosnombres de fePasivos no es válido.
Línea 1096: el nombre de la propiedad encabezadosanchos de fePasivos no es válido.
Línea 1102: el nombre de la propiedad fontfixed de fePasivos no es válido.
Línea 1103: el nombre de la propiedad backcolorcontrol de fePasivos no es válido.
Línea 1104: el nombre de la propiedad backcolorcontrol de fePasivos no es válido.
Línea 1105: el nombre de la propiedad backcolorcontrol de fePasivos no es válido.
Línea 1106: el nombre de la propiedad lbultimainstancia de fePasivos no es válido.
Línea 1107: el nombre de la propiedad tipobusqueda de fePasivos no es válido.
Línea 1108: el nombre de la propiedad columnasaeditar de fePasivos no es válido.
Línea 1109: el nombre de la propiedad listacontroles de fePasivos no es válido.
Línea 1110: el nombre de la propiedad encabezadosalineacion de fePasivos no es válido.
Línea 1111: el nombre de la propiedad formatosedit de fePasivos no es válido.
Línea 1112: el nombre de la propiedad textarray0 de fePasivos no es válido.
Línea 1113: el nombre de la propiedad lbeditarflex de fePasivos no es válido.
Línea 1114: el nombre de la propiedad lbbuscaduplicadotext de fePasivos no es válido.
Línea 1115: el nombre de la propiedad rowheight0 de fePasivos no es válido.
Línea 1116: el nombre de la propiedad forecolorfixed de fePasivos no es válido.
Línea 1082: no se pudo establecer la propiedad Font de fePasivos.
Línea 1124: el nombre de la propiedad _ExtentX de txtPatrimonioIni no es válido.
Línea 1125: el nombre de la propiedad _ExtentY de txtPatrimonioIni no es válido.
Línea 1126: el nombre de la propiedad _Version de txtPatrimonioIni no es válido.
Línea 1127: el nombre de la propiedad MaxLength de txtPatrimonioIni no es válido.
Línea 1128: el nombre de la propiedad Mask de txtPatrimonioIni no es válido.
Línea 1129: el nombre de la propiedad PromptChar de txtPatrimonioIni no es válido.
Línea 1137: el nombre de la propiedad _ExtentX de txtPatrimonioFin no es válido.
Línea 1138: el nombre de la propiedad _ExtentY de txtPatrimonioFin no es válido.
Línea 1139: el nombre de la propiedad _Version de txtPatrimonioFin no es válido.
Línea 1140: el nombre de la propiedad MaxLength de txtPatrimonioFin no es válido.
Línea 1141: el nombre de la propiedad Mask de txtPatrimonioFin no es válido.
Línea 1142: el nombre de la propiedad PromptChar de txtPatrimonioFin no es válido.
Línea 1150: el nombre de la propiedad _extentx de feEstadoResultado no es válido.
Línea 1151: el nombre de la propiedad _extenty de feEstadoResultado no es válido.
Línea 1152: el nombre de la propiedad cols0 de feEstadoResultado no es válido.
Línea 1153: el nombre de la propiedad highlight de feEstadoResultado no es válido.
Línea 1154: el nombre de la propiedad allowuserresizing de feEstadoResultado no es válido.
Línea 1155: el nombre de la propiedad rowsizingmode de feEstadoResultado no es válido.
Línea 1156: el nombre de la propiedad encabezadosnombres de feEstadoResultado no es válido.
Línea 1157: el nombre de la propiedad encabezadosanchos de feEstadoResultado no es válido.
Línea 1163: el nombre de la propiedad fontfixed de feEstadoResultado no es válido.
Línea 1164: el nombre de la propiedad backcolorcontrol de feEstadoResultado no es válido.
Línea 1165: el nombre de la propiedad backcolorcontrol de feEstadoResultado no es válido.
Línea 1166: el nombre de la propiedad backcolorcontrol de feEstadoResultado no es válido.
Línea 1167: el nombre de la propiedad lbultimainstancia de feEstadoResultado no es válido.
Línea 1168: el nombre de la propiedad columnasaeditar de feEstadoResultado no es válido.
Línea 1169: el nombre de la propiedad listacontroles de feEstadoResultado no es válido.
Línea 1170: el nombre de la propiedad encabezadosalineacion de feEstadoResultado no es válido.
Línea 1171: el nombre de la propiedad formatosedit de feEstadoResultado no es válido.
Línea 1172: el nombre de la propiedad textarray0 de feEstadoResultado no es válido.
Línea 1173: el nombre de la propiedad lbeditarflex de feEstadoResultado no es válido.
Línea 1174: el nombre de la propiedad lbbuscaduplicadotext de feEstadoResultado no es válido.
Línea 1175: el nombre de la propiedad colwidth0 de feEstadoResultado no es válido.
Línea 1176: el nombre de la propiedad rowheight0 de feEstadoResultado no es válido.
Línea 1177: el nombre de la propiedad forecolorfixed de feEstadoResultado no es válido.
Línea 1144: no se pudo establecer la propiedad Font de feEstadoResultado.
Línea 1185: el nombre de la propiedad _extentx de feCambiosPatrimonio no es válido.
Línea 1186: el nombre de la propiedad _extenty de feCambiosPatrimonio no es válido.
Línea 1187: el nombre de la propiedad cols0 de feCambiosPatrimonio no es válido.
Línea 1188: el nombre de la propiedad highlight de feCambiosPatrimonio no es válido.
Línea 1189: el nombre de la propiedad allowuserresizing de feCambiosPatrimonio no es válido.
Línea 1190: el nombre de la propiedad rowsizingmode de feCambiosPatrimonio no es válido.
Línea 1191: el nombre de la propiedad encabezadosnombres de feCambiosPatrimonio no es válido.
Línea 1192: el nombre de la propiedad encabezadosanchos de feCambiosPatrimonio no es válido.
Línea 1198: el nombre de la propiedad fontfixed de feCambiosPatrimonio no es válido.
Línea 1199: el nombre de la propiedad backcolorcontrol de feCambiosPatrimonio no es válido.
Línea 1200: el nombre de la propiedad backcolorcontrol de feCambiosPatrimonio no es válido.
Línea 1201: el nombre de la propiedad backcolorcontrol de feCambiosPatrimonio no es válido.
Línea 1202: el nombre de la propiedad lbultimainstancia de feCambiosPatrimonio no es válido.
Línea 1203: el nombre de la propiedad columnasaeditar de feCambiosPatrimonio no es válido.
Línea 1204: el nombre de la propiedad listacontroles de feCambiosPatrimonio no es válido.
Línea 1205: el nombre de la propiedad encabezadosalineacion de feCambiosPatrimonio no es válido.
Línea 1206: el nombre de la propiedad formatosedit de feCambiosPatrimonio no es válido.
Línea 1207: el nombre de la propiedad textarray0 de feCambiosPatrimonio no es válido.
Línea 1208: el nombre de la propiedad lbeditarflex de feCambiosPatrimonio no es válido.
Línea 1209: el nombre de la propiedad lbbuscaduplicadotext de feCambiosPatrimonio no es válido.
Línea 1210: el nombre de la propiedad rowheight0 de feCambiosPatrimonio no es válido.
Línea 1211: el nombre de la propiedad forecolorfixed de feCambiosPatrimonio no es válido.
Línea 1179: no se pudo establecer la propiedad Font de feCambiosPatrimonio.
Línea 1350: el nombre de la propiedad _ExtentX de txtFechaEF no es válido.
Línea 1351: el nombre de la propiedad _ExtentY de txtFechaEF no es válido.
Línea 1352: el nombre de la propiedad _Version de txtFechaEF no es válido.
Línea 1353: el nombre de la propiedad MaxLength de txtFechaEF no es válido.
Línea 1354: el nombre de la propiedad Mask de txtFechaEF no es válido.
Línea 1355: el nombre de la propiedad PromptChar de txtFechaEF no es válido.
