Línea 15: la clase TabDlg.SSTab del control SSTabEdicionEF no era una clase de control cargada.
Línea 346: la clase MSMask.MaskEdBox del control txtFecEFmod no era una clase de control cargada.
Línea 21: el nombre de la propiedad _ExtentX de SSTabEdicionEF no es válido.
Línea 22: el nombre de la propiedad _ExtentY de SSTabEdicionEF no es válido.
Línea 23: el nombre de la propiedad _Version de SSTabEdicionEF no es válido.
Línea 24: el nombre de la propiedad Tabs de SSTabEdicionEF no es válido.
Línea 25: el nombre de la propiedad TabsPerRow de SSTabEdicionEF no es válido.
Línea 26: el nombre de la propiedad TabHeight de SSTabEdicionEF no es válido.
Línea 27: el nombre de la propiedad TabCaption(0) de SSTabEdicionEF no es válido.
Línea 28: el nombre de la propiedad TabPicture(0) de SSTabEdicionEF no es válido.
Línea 29: el nombre de la propiedad Tab(0).ControlEnabled de SSTabEdicionEF no es válido.
Línea 30: el nombre de la propiedad Tab(0).Control(0) de SSTabEdicionEF no es válido.
Línea 31: el nombre de la propiedad Tab(0).Control(0).Enabled de SSTabEdicionEF no es válido.
Línea 32: el nombre de la propiedad Tab(0).Control(1) de SSTabEdicionEF no es válido.
Línea 33: el nombre de la propiedad Tab(0).Control(1).Enabled de SSTabEdicionEF no es válido.
Línea 34: el nombre de la propiedad Tab(0).Control(2) de SSTabEdicionEF no es válido.
Línea 35: el nombre de la propiedad Tab(0).Control(2).Enabled de SSTabEdicionEF no es válido.
Línea 36: el nombre de la propiedad Tab(0).Control(3) de SSTabEdicionEF no es válido.
Línea 37: el nombre de la propiedad Tab(0).Control(3).Enabled de SSTabEdicionEF no es válido.
Línea 38: el nombre de la propiedad Tab(0).Control(4) de SSTabEdicionEF no es válido.
Línea 39: el nombre de la propiedad Tab(0).Control(4).Enabled de SSTabEdicionEF no es válido.
Línea 40: el nombre de la propiedad Tab(0).Control(5) de SSTabEdicionEF no es válido.
Línea 41: el nombre de la propiedad Tab(0).Control(5).Enabled de SSTabEdicionEF no es válido.
Línea 42: el nombre de la propiedad Tab(0).Control(6) de SSTabEdicionEF no es válido.
Línea 43: el nombre de la propiedad Tab(0).Control(6).Enabled de SSTabEdicionEF no es válido.
Línea 44: el nombre de la propiedad Tab(0).Control(7) de SSTabEdicionEF no es válido.
Línea 45: el nombre de la propiedad Tab(0).Control(7).Enabled de SSTabEdicionEF no es válido.
Línea 46: el nombre de la propiedad Tab(0).Control(8) de SSTabEdicionEF no es válido.
Línea 47: el nombre de la propiedad Tab(0).Control(8).Enabled de SSTabEdicionEF no es válido.
Línea 48: el nombre de la propiedad Tab(0).Control(9) de SSTabEdicionEF no es válido.
Línea 49: el nombre de la propiedad Tab(0).Control(9).Enabled de SSTabEdicionEF no es válido.
Línea 50: el nombre de la propiedad Tab(0).Control(10) de SSTabEdicionEF no es válido.
Línea 51: el nombre de la propiedad Tab(0).Control(10).Enabled de SSTabEdicionEF no es válido.
Línea 52: el nombre de la propiedad Tab(0).Control(11) de SSTabEdicionEF no es válido.
Línea 53: el nombre de la propiedad Tab(0).Control(11).Enabled de SSTabEdicionEF no es válido.
Línea 54: el nombre de la propiedad Tab(0).Control(12) de SSTabEdicionEF no es válido.
Línea 55: el nombre de la propiedad Tab(0).Control(12).Enabled de SSTabEdicionEF no es válido.
Línea 56: el nombre de la propiedad Tab(0).Control(13) de SSTabEdicionEF no es válido.
Línea 57: el nombre de la propiedad Tab(0).Control(13).Enabled de SSTabEdicionEF no es válido.
Línea 58: el nombre de la propiedad Tab(0).Control(14) de SSTabEdicionEF no es válido.
Línea 59: el nombre de la propiedad Tab(0).Control(14).Enabled de SSTabEdicionEF no es válido.
Línea 60: el nombre de la propiedad Tab(0).ControlCount de SSTabEdicionEF no es válido.
Línea 61: el nombre de la propiedad TabCaption(1) de SSTabEdicionEF no es válido.
Línea 62: el nombre de la propiedad TabPicture(1) de SSTabEdicionEF no es válido.
Línea 63: el nombre de la propiedad Tab(1).ControlEnabled de SSTabEdicionEF no es válido.
Línea 64: el nombre de la propiedad Tab(1).Control(0) de SSTabEdicionEF no es válido.
Línea 65: el nombre de la propiedad Tab(1).Control(0).Enabled de SSTabEdicionEF no es válido.
Línea 66: el nombre de la propiedad Tab(1).Control(1) de SSTabEdicionEF no es válido.
Línea 67: el nombre de la propiedad Tab(1).Control(1).Enabled de SSTabEdicionEF no es válido.
Línea 68: el nombre de la propiedad Tab(1).Control(2) de SSTabEdicionEF no es válido.
Línea 69: el nombre de la propiedad Tab(1).Control(2).Enabled de SSTabEdicionEF no es válido.
Línea 70: el nombre de la propiedad Tab(1).Control(3) de SSTabEdicionEF no es válido.
Línea 71: el nombre de la propiedad Tab(1).Control(3).Enabled de SSTabEdicionEF no es válido.
Línea 72: el nombre de la propiedad Tab(1).Control(4) de SSTabEdicionEF no es válido.
Línea 73: el nombre de la propiedad Tab(1).Control(4).Enabled de SSTabEdicionEF no es válido.
Línea 74: el nombre de la propiedad Tab(1).Control(5) de SSTabEdicionEF no es válido.
Línea 75: el nombre de la propiedad Tab(1).Control(5).Enabled de SSTabEdicionEF no es válido.
Línea 76: el nombre de la propiedad Tab(1).Control(6) de SSTabEdicionEF no es válido.
Línea 77: el nombre de la propiedad Tab(1).Control(6).Enabled de SSTabEdicionEF no es válido.
Línea 78: el nombre de la propiedad Tab(1).Control(7) de SSTabEdicionEF no es válido.
Línea 79: el nombre de la propiedad Tab(1).Control(7).Enabled de SSTabEdicionEF no es válido.
Línea 80: el nombre de la propiedad Tab(1).Control(8) de SSTabEdicionEF no es válido.
Línea 81: el nombre de la propiedad Tab(1).Control(8).Enabled de SSTabEdicionEF no es válido.
Línea 82: el nombre de la propiedad Tab(1).Control(9) de SSTabEdicionEF no es válido.
Línea 83: el nombre de la propiedad Tab(1).Control(9).Enabled de SSTabEdicionEF no es válido.
Línea 84: el nombre de la propiedad Tab(1).Control(10) de SSTabEdicionEF no es válido.
Línea 85: el nombre de la propiedad Tab(1).Control(10).Enabled de SSTabEdicionEF no es válido.
Línea 86: el nombre de la propiedad Tab(1).Control(11) de SSTabEdicionEF no es válido.
Línea 87: el nombre de la propiedad Tab(1).Control(11).Enabled de SSTabEdicionEF no es válido.
Línea 88: el nombre de la propiedad Tab(1).Control(12) de SSTabEdicionEF no es válido.
Línea 89: el nombre de la propiedad Tab(1).Control(12).Enabled de SSTabEdicionEF no es válido.
Línea 90: el nombre de la propiedad Tab(1).Control(13) de SSTabEdicionEF no es válido.
Línea 91: el nombre de la propiedad Tab(1).Control(13).Enabled de SSTabEdicionEF no es válido.
Línea 92: el nombre de la propiedad Tab(1).Control(14) de SSTabEdicionEF no es válido.
Línea 93: el nombre de la propiedad Tab(1).Control(14).Enabled de SSTabEdicionEF no es válido.
Línea 94: el nombre de la propiedad Tab(1).ControlCount de SSTabEdicionEF no es válido.
Línea 352: el nombre de la propiedad _ExtentX de txtFecEFmod no es válido.
Línea 353: el nombre de la propiedad _ExtentY de txtFecEFmod no es válido.
Línea 354: el nombre de la propiedad _Version de txtFecEFmod no es válido.
Línea 357: el nombre de la propiedad MaxLength de txtFecEFmod no es válido.
Línea 358: el nombre de la propiedad Mask de txtFecEFmod no es válido.
Línea 359: el nombre de la propiedad PromptChar de txtFecEFmod no es válido.
